<?xml version="1.0" encoding="UTF-8"?>
<!-- Generated by org.testng.reporters.JUnitReportReporter -->
<testsuite hostname="Priya" failures="0" tests="1" name="SleniumPackage1.SeleniumProject11.Login_To_Amazon" time="8.458" errors="0" timestamp="2024-11-06T16:36:33 IST" skipped="0">
  <testcase classname="SleniumPackage1.SeleniumProject11.Login_To_Amazon" name="Login_Amazon" time="8.458"/>
  <system-out>
    <![CDATA[Test case is pass]]>
  </system-out>
</testsuite> <!-- SleniumPackage1.SeleniumProject11.Login_To_Amazon -->
