<?xml version="1.0" encoding="UTF-8"?>
<!-- Generated by org.testng.reporters.JUnitReportReporter -->
<testsuite hostname="Priya" failures="0" tests="1" name="SleniumPackage1.SeleniumProject11.EditProfile_Amazon" time="50.479" errors="0" timestamp="2024-10-16T20:58:37 IST" skipped="0">
  <testcase classname="SleniumPackage1.SeleniumProject11.EditProfile_Amazon" name="Edit" time="50.479"/>
  <system-out>
    <![CDATA[Test case is pass]]>
  </system-out>
</testsuite> <!-- SleniumPackage1.SeleniumProject11.EditProfile_Amazon -->
