<?xml version="1.0" encoding="UTF-8"?>
<!-- Generated by org.testng.reporters.JUnitReportReporter -->
<testsuite hostname="Priya" failures="0" tests="1" name="SleniumPackage1.SeleniumProject11.Filters_Amazon" time="18.799" errors="0" timestamp="2024-11-06T18:22:46 IST" skipped="0">
  <testcase classname="SleniumPackage1.SeleniumProject11.Filters_Amazon" name="Filter" time="18.799"/>
  <system-out>
    <![CDATA[Test case is pass]]>
  </system-out>
</testsuite> <!-- SleniumPackage1.SeleniumProject11.Filters_Amazon -->
