<?xml version="1.0" encoding="UTF-8"?>
<!-- Generated by org.testng.reporters.JUnitReportReporter -->
<testsuite hostname="Priya" failures="0" tests="1" name="SleniumPackage1.SeleniumProject11.ProductDetails_Amazon" time="13.651" errors="0" timestamp="2024-11-06T18:59:38 IST" skipped="0">
  <testcase classname="SleniumPackage1.SeleniumProject11.ProductDetails_Amazon" name="Product_Details" time="13.651"/>
  <system-out>
    <![CDATA[Test case is pass]]>
  </system-out>
</testsuite> <!-- SleniumPackage1.SeleniumProject11.ProductDetails_Amazon -->
