<?xml version="1.0" encoding="UTF-8"?>
<!-- Generated by org.testng.reporters.JUnitReportReporter -->
<testsuite hostname="Priya" failures="0" tests="1" name="SleniumPackage1.SeleniumProject11.Coupon_Amazon" time="39.743" errors="0" timestamp="2024-11-06T19:09:12 IST" skipped="0">
  <testcase classname="SleniumPackage1.SeleniumProject11.Coupon_Amazon" name="Coupon" time="39.743"/>
  <system-out>
    <![CDATA[Test case is pass]]>
  </system-out>
</testsuite> <!-- SleniumPackage1.SeleniumProject11.Coupon_Amazon -->
