<?xml version="1.0" encoding="UTF-8"?>
<!-- Generated by org.testng.reporters.JUnitReportReporter -->
<testsuite hostname="Priya" failures="0" tests="1" name="SleniumPackage1.SeleniumProject11.UpdatingItemQuantity" time="23.509" errors="0" timestamp="2024-11-06T19:09:12 IST" skipped="0">
  <testcase classname="SleniumPackage1.SeleniumProject11.UpdatingItemQuantity" name="UpdateItem" time="23.509"/>
  <system-out>
    <![CDATA[Test case is pass]]>
  </system-out>
</testsuite> <!-- SleniumPackage1.SeleniumProject11.UpdatingItemQuantity -->
